[1.152s] Invoking command in '/home/james-elugbemi/dev_ws/botfish/build/botfish_manipulation': CMAKE_PREFIX_PATH=${CMAKE_PREFIX_PATH}:/home/james-elugbemi/dev_ws/R2ED/install/lwa4p_driver:/home/james-elugbemi/dev_ws/R2ED/install/humanoid_controllers:/home/james-elugbemi/dev_ws/R2ED/install/humanoid_control:/home/james-elugbemi/ros2_humble/install/tracetools_test:/home/james-elugbemi/ros2_humble/install/tracetools_launch:/home/james-elugbemi/ros2_humble/install/topic_monitor:/home/james-elugbemi/ros2_humble/install/tf2_tools:/home/james-elugbemi/ros2_humble/install/examples_tf2_py:/home/james-elugbemi/ros2_humble/install/tf2_ros_py:/home/james-elugbemi/ros2_humble/install/sros2:/home/james-elugbemi/ros2_humble/install/rqt_topic:/home/james-elugbemi/ros2_humble/install/rqt_srv:/home/james-elugbemi/ros2_humble/install/rqt_shell:/home/james-elugbemi/ros2_humble/install/rqt_service_caller:/home/james-elugbemi/ros2_humble/install/rqt_reconfigure:/home/james-elugbemi/ros2_humble/install/rqt_py_console:/home/james-elugbemi/ros2_humble/install/rqt_publisher:/home/james-elugbemi/ros2_humble/install/rqt_plot:/home/james-elugbemi/ros2_humble/install/rqt_action:/home/james-elugbemi/ros2_humble/install/rqt_msg:/home/james-elugbemi/ros2_humble/install/rqt_console:/home/james-elugbemi/ros2_humble/install/rqt:/home/james-elugbemi/ros2_humble/install/rqt_graph:/home/james-elugbemi/ros2_humble/install/rqt_gui_py:/home/james-elugbemi/ros2_humble/install/rqt_gui:/home/james-elugbemi/ros2_humble/install/ros2trace:/home/james-elugbemi/ros2_humble/install/ros2topic:/home/james-elugbemi/ros2_humble/install/ros2test:/home/james-elugbemi/ros2_humble/install/ros2component:/home/james-elugbemi/ros2_humble/install/ros2param:/home/james-elugbemi/ros2_humble/install/ros2lifecycle:/home/james-elugbemi/ros2_humble/install/ros2service:/home/james-elugbemi/ros2_humble/install/ros2run:/home/james-elugbemi/ros2_humble/install/ros2launch:/home/james-elugbemi/ros2_humble/install/ros2pkg:/home/james-elugbemi/ros2_humble/install/ros2node:/home/james-elugbemi/ros2_humble/install/ros2multicast:/home/james-elugbemi/ros2_humble/install/ros2interface:/home/james-elugbemi/ros2_humble/install/ros2doctor:/home/james-elugbemi/ros2_humble/install/ros2action:/home/james-elugbemi/ros2_humble/install/ros2cli:/home/james-elugbemi/ros2_humble/install/quality_of_service_demo_py:/home/james-elugbemi/ros2_humble/install/lifecycle_py:/home/james-elugbemi/ros2_humble/install/launch_testing_ros:/home/james-elugbemi/ros2_humble/install/launch_ros:/home/james-elugbemi/ros2_humble/install/examples_rclpy_pointcloud_publisher:/home/james-elugbemi/ros2_humble/install/examples_rclpy_minimal_subscriber:/home/james-elugbemi/ros2_humble/install/examples_rclpy_minimal_service:/home/james-elugbemi/ros2_humble/install/examples_rclpy_minimal_publisher:/home/james-elugbemi/ros2_humble/install/examples_rclpy_minimal_client:/home/james-elugbemi/ros2_humble/install/examples_rclpy_minimal_action_server:/home/james-elugbemi/ros2_humble/install/examples_rclpy_minimal_action_client:/home/james-elugbemi/ros2_humble/install/examples_rclpy_guard_conditions:/home/james-elugbemi/ros2_humble/install/examples_rclpy_executors:/home/james-elugbemi/ros2_humble/install/demo_nodes_py:/home/james-elugbemi/ros2_humble/install/action_tutorials_py:/home/james-elugbemi/ros2_humble/install/ament_uncrustify:/home/james-elugbemi/ros2_humble/install/tracetools_trace:/home/james-elugbemi/ros2_humble/install/tracetools_read:/home/james-elugbemi/ros2_humble/install/test_tracetools_launch:/home/james-elugbemi/ros2_humble/install/test_launch_ros:/home/james-elugbemi/ros2_humble/install/sensor_msgs_py:/home/james-elugbemi/ros2_humble/install/rpyutils:/home/james-elugbemi/ros2_humble/install/rosidl_runtime_py:/home/james-elugbemi/ros2_humble/install/rosidl_cli:/home/james-elugbemi/ros2_humble/install/launch_pytest:/home/james-elugbemi/ros2_humble/install/launch_testing:/home/james-elugbemi/ros2_humble/install/launch_yaml:/home/james-elugbemi/ros2_humble/install/launch_xml:/home/james-elugbemi/ros2_humble/install/launch:/home/james-elugbemi/ros2_humble/install/osrf_pycommon:/home/james-elugbemi/ros2_humble/install/domain_coordinator:/home/james-elugbemi/ros2_humble/install/ament_xmllint:/home/james-elugbemi/ros2_humble/install/ament_pyflakes:/home/james-elugbemi/ros2_humble/install/ament_pycodestyle:/home/james-elugbemi/ros2_humble/install/ament_pep257:/home/james-elugbemi/ros2_humble/install/ament_pclint:/home/james-elugbemi/ros2_humble/install/ament_package:/home/james-elugbemi/ros2_humble/install/ament_mypy:/home/james-elugbemi/ros2_humble/install/ament_lint_cmake:/home/james-elugbemi/ros2_humble/install/ament_flake8:/home/james-elugbemi/ros2_humble/install/ament_copyright:/home/james-elugbemi/ros2_humble/install/ament_lint:/home/james-elugbemi/ros2_humble/install/ament_index_python:/home/james-elugbemi/ros2_humble/install/ament_cpplint:/home/james-elugbemi/ros2_humble/install/ament_cppcheck:/home/james-elugbemi/ros2_humble/install/ament_clang_tidy:/home/james-elugbemi/ros2_humble/install/ament_clang_format:/opt/ros/humble CONDA_PROMPT_MODIFIER=(base) /usr/bin/cmake /home/james-elugbemi/dev_ws/botfish/botfish_manipulation -DCMAKE_INSTALL_PREFIX=/home/james-elugbemi/dev_ws/botfish/install/botfish_manipulation
[4.675s] -- The C compiler identification is GNU 11.3.0
[7.126s] -- The CXX compiler identification is GNU 11.3.0
[7.528s] -- Detecting C compiler ABI info
[8.013s] -- Detecting C compiler ABI info - done
[8.020s] -- Check for working C compiler: /usr/bin/cc - skipped
[8.021s] -- Detecting C compile features
[8.043s] -- Detecting C compile features - done
[8.078s] -- Detecting CXX compiler ABI info
[8.249s] -- Detecting CXX compiler ABI info - done
[8.256s] -- Check for working CXX compiler: /usr/bin/c++ - skipped
[8.256s] -- Detecting CXX compile features
[8.257s] -- Detecting CXX compile features - done
[8.677s] -- Found ament_cmake: 1.3.3 (/home/james-elugbemi/ros2_humble/install/ament_cmake/share/ament_cmake/cmake)
[10.310s] -- Found Python3: /home/james-elugbemi/miniconda3/bin/python3.10 (found version "3.10.9") found components: Interpreter 
[11.093s] -- Found rclcpp: 16.0.3 (/home/james-elugbemi/ros2_humble/install/rclcpp/share/rclcpp/cmake)
[12.287s] -- Found rosidl_generator_c: 3.1.4 (/home/james-elugbemi/ros2_humble/install/rosidl_generator_c/share/rosidl_generator_c/cmake)
[12.394s] -- Found rosidl_adapter: 3.1.4 (/home/james-elugbemi/ros2_humble/install/rosidl_adapter/share/rosidl_adapter/cmake)
[12.529s] -- Found rosidl_generator_cpp: 3.1.4 (/home/james-elugbemi/ros2_humble/install/rosidl_generator_cpp/share/rosidl_generator_cpp/cmake)
[12.870s] -- Using all available rosidl_typesupport_c: rosidl_typesupport_introspection_c;rosidl_typesupport_fastrtps_c
[13.174s] -- Using all available rosidl_typesupport_cpp: rosidl_typesupport_introspection_cpp;rosidl_typesupport_fastrtps_cpp
[13.736s] -- Found rmw_implementation_cmake: 6.1.1 (/home/james-elugbemi/ros2_humble/install/rmw_implementation_cmake/share/rmw_implementation_cmake/cmake)
[13.910s] -- Found rmw_fastrtps_cpp: 6.2.2 (/home/james-elugbemi/ros2_humble/install/rmw_fastrtps_cpp/share/rmw_fastrtps_cpp/cmake)
[15.596s] -- Found OpenSSL: /usr/lib/x86_64-linux-gnu/libcrypto.so (found version "3.0.2")  
[15.814s] -- Found FastRTPS: /home/james-elugbemi/ros2_humble/install/fastrtps/include  
[15.938s] -- Using RMW implementation 'rmw_fastrtps_cpp' as default
[16.709s] -- Looking for pthread.h
[17.191s] -- Looking for pthread.h - found
[17.191s] -- Performing Test CMAKE_HAVE_LIBC_PTHREAD
[17.351s] -- Performing Test CMAKE_HAVE_LIBC_PTHREAD - Success
[17.352s] -- Found Threads: TRUE  
[17.983s] -- Found geometry_msgs: 4.2.3 (/home/james-elugbemi/ros2_humble/install/geometry_msgs/share/geometry_msgs/cmake)
[18.083s] -- Found moveit_ros_planning_interface: 2.5.4 (/opt/ros/humble/share/moveit_ros_planning_interface/cmake)
[18.508s] -- Found Boost: /usr/lib/x86_64-linux-gnu/cmake/Boost-1.74.0/BoostConfig.cmake (found version "1.74.0") found components: date_time filesystem program_options system thread 
[20.193s] -- Found Boost: /usr/lib/x86_64-linux-gnu/cmake/Boost-1.74.0/BoostConfig.cmake (found version "1.74.0") found components: chrono date_time filesystem iostreams program_options regex serialization system thread 
[20.349s] -- Found Boost: /usr/lib/x86_64-linux-gnu/cmake/Boost-1.74.0/BoostConfig.cmake (found version "1.74.0") found components: filesystem 
[21.145s] -- library: /usr/lib/x86_64-linux-gnu/libcurl.so
[21.775s] -- Found Eigen3: TRUE (found version "3.4.0") 
[21.775s] -- Ensuring Eigen3 include directory is part of orocos-kdl CMake target
[23.982s] -- Found Boost: /usr/lib/x86_64-linux-gnu/cmake/Boost-1.74.0/BoostConfig.cmake (found version "1.74.0") found components: system filesystem date_time program_options thread chrono 
[24.577s] -- Found Boost: /usr/lib/x86_64-linux-gnu/cmake/Boost-1.74.0/BoostConfig.cmake (found version "1.74.0") found components: thread system filesystem regex date_time program_options 
[24.897s] -- Found Boost: /usr/lib/x86_64-linux-gnu/cmake/Boost-1.74.0/BoostConfig.cmake (found version "1.74.0") found components: system filesystem date_time program_options thread 
[25.498s] -- Found ament_lint_auto: 0.12.4 (/home/james-elugbemi/ros2_humble/install/ament_lint_auto/share/ament_lint_auto/cmake)
[25.605s] Traceback (most recent call last):
[25.605s]   File "/home/james-elugbemi/ros2_humble/install/ament_cmake_core/share/ament_cmake_core/cmake/core/package_xml_2_cmake.py", line 22, in <module>
[25.605s]     from catkin_pkg.package import parse_package_string
[25.605s] ModuleNotFoundError: No module named 'catkin_pkg'
[25.608s] [31mCMake Error at /home/james-elugbemi/ros2_humble/install/ament_cmake_core/share/ament_cmake_core/cmake/core/ament_package_xml.cmake:95 (message):
[25.608s]   execute_process(/home/james-elugbemi/miniconda3/bin/python3.10
[25.608s]   /home/james-elugbemi/ros2_humble/install/ament_cmake_core/share/ament_cmake_core/cmake/core/package_xml_2_cmake.py
[25.608s]   /home/james-elugbemi/dev_ws/botfish/botfish_manipulation/package.xml
[25.608s]   /home/james-elugbemi/dev_ws/botfish/build/botfish_manipulation/ament_cmake_core/package.cmake)
[25.609s]   returned error code 1
[25.609s] Call Stack (most recent call first):
[25.609s]   /home/james-elugbemi/ros2_humble/install/ament_cmake_core/share/ament_cmake_core/cmake/core/ament_package_xml.cmake:49 (_ament_package_xml)
[25.609s]   /home/james-elugbemi/ros2_humble/install/ament_lint_auto/share/ament_lint_auto/cmake/ament_lint_auto_find_test_dependencies.cmake:31 (ament_package_xml)
[25.609s]   CMakeLists.txt:51 (ament_lint_auto_find_test_dependencies)
[25.609s] 
[25.609s] [0m
[25.609s] -- Configuring incomplete, errors occurred!
[25.610s] See also "/home/james-elugbemi/dev_ws/botfish/build/botfish_manipulation/CMakeFiles/CMakeOutput.log".
[25.628s] Invoked command in '/home/james-elugbemi/dev_ws/botfish/build/botfish_manipulation' returned '1': CMAKE_PREFIX_PATH=${CMAKE_PREFIX_PATH}:/home/james-elugbemi/dev_ws/R2ED/install/lwa4p_driver:/home/james-elugbemi/dev_ws/R2ED/install/humanoid_controllers:/home/james-elugbemi/dev_ws/R2ED/install/humanoid_control:/home/james-elugbemi/ros2_humble/install/tracetools_test:/home/james-elugbemi/ros2_humble/install/tracetools_launch:/home/james-elugbemi/ros2_humble/install/topic_monitor:/home/james-elugbemi/ros2_humble/install/tf2_tools:/home/james-elugbemi/ros2_humble/install/examples_tf2_py:/home/james-elugbemi/ros2_humble/install/tf2_ros_py:/home/james-elugbemi/ros2_humble/install/sros2:/home/james-elugbemi/ros2_humble/install/rqt_topic:/home/james-elugbemi/ros2_humble/install/rqt_srv:/home/james-elugbemi/ros2_humble/install/rqt_shell:/home/james-elugbemi/ros2_humble/install/rqt_service_caller:/home/james-elugbemi/ros2_humble/install/rqt_reconfigure:/home/james-elugbemi/ros2_humble/install/rqt_py_console:/home/james-elugbemi/ros2_humble/install/rqt_publisher:/home/james-elugbemi/ros2_humble/install/rqt_plot:/home/james-elugbemi/ros2_humble/install/rqt_action:/home/james-elugbemi/ros2_humble/install/rqt_msg:/home/james-elugbemi/ros2_humble/install/rqt_console:/home/james-elugbemi/ros2_humble/install/rqt:/home/james-elugbemi/ros2_humble/install/rqt_graph:/home/james-elugbemi/ros2_humble/install/rqt_gui_py:/home/james-elugbemi/ros2_humble/install/rqt_gui:/home/james-elugbemi/ros2_humble/install/ros2trace:/home/james-elugbemi/ros2_humble/install/ros2topic:/home/james-elugbemi/ros2_humble/install/ros2test:/home/james-elugbemi/ros2_humble/install/ros2component:/home/james-elugbemi/ros2_humble/install/ros2param:/home/james-elugbemi/ros2_humble/install/ros2lifecycle:/home/james-elugbemi/ros2_humble/install/ros2service:/home/james-elugbemi/ros2_humble/install/ros2run:/home/james-elugbemi/ros2_humble/install/ros2launch:/home/james-elugbemi/ros2_humble/install/ros2pkg:/home/james-elugbemi/ros2_humble/install/ros2node:/home/james-elugbemi/ros2_humble/install/ros2multicast:/home/james-elugbemi/ros2_humble/install/ros2interface:/home/james-elugbemi/ros2_humble/install/ros2doctor:/home/james-elugbemi/ros2_humble/install/ros2action:/home/james-elugbemi/ros2_humble/install/ros2cli:/home/james-elugbemi/ros2_humble/install/quality_of_service_demo_py:/home/james-elugbemi/ros2_humble/install/lifecycle_py:/home/james-elugbemi/ros2_humble/install/launch_testing_ros:/home/james-elugbemi/ros2_humble/install/launch_ros:/home/james-elugbemi/ros2_humble/install/examples_rclpy_pointcloud_publisher:/home/james-elugbemi/ros2_humble/install/examples_rclpy_minimal_subscriber:/home/james-elugbemi/ros2_humble/install/examples_rclpy_minimal_service:/home/james-elugbemi/ros2_humble/install/examples_rclpy_minimal_publisher:/home/james-elugbemi/ros2_humble/install/examples_rclpy_minimal_client:/home/james-elugbemi/ros2_humble/install/examples_rclpy_minimal_action_server:/home/james-elugbemi/ros2_humble/install/examples_rclpy_minimal_action_client:/home/james-elugbemi/ros2_humble/install/examples_rclpy_guard_conditions:/home/james-elugbemi/ros2_humble/install/examples_rclpy_executors:/home/james-elugbemi/ros2_humble/install/demo_nodes_py:/home/james-elugbemi/ros2_humble/install/action_tutorials_py:/home/james-elugbemi/ros2_humble/install/ament_uncrustify:/home/james-elugbemi/ros2_humble/install/tracetools_trace:/home/james-elugbemi/ros2_humble/install/tracetools_read:/home/james-elugbemi/ros2_humble/install/test_tracetools_launch:/home/james-elugbemi/ros2_humble/install/test_launch_ros:/home/james-elugbemi/ros2_humble/install/sensor_msgs_py:/home/james-elugbemi/ros2_humble/install/rpyutils:/home/james-elugbemi/ros2_humble/install/rosidl_runtime_py:/home/james-elugbemi/ros2_humble/install/rosidl_cli:/home/james-elugbemi/ros2_humble/install/launch_pytest:/home/james-elugbemi/ros2_humble/install/launch_testing:/home/james-elugbemi/ros2_humble/install/launch_yaml:/home/james-elugbemi/ros2_humble/install/launch_xml:/home/james-elugbemi/ros2_humble/install/launch:/home/james-elugbemi/ros2_humble/install/osrf_pycommon:/home/james-elugbemi/ros2_humble/install/domain_coordinator:/home/james-elugbemi/ros2_humble/install/ament_xmllint:/home/james-elugbemi/ros2_humble/install/ament_pyflakes:/home/james-elugbemi/ros2_humble/install/ament_pycodestyle:/home/james-elugbemi/ros2_humble/install/ament_pep257:/home/james-elugbemi/ros2_humble/install/ament_pclint:/home/james-elugbemi/ros2_humble/install/ament_package:/home/james-elugbemi/ros2_humble/install/ament_mypy:/home/james-elugbemi/ros2_humble/install/ament_lint_cmake:/home/james-elugbemi/ros2_humble/install/ament_flake8:/home/james-elugbemi/ros2_humble/install/ament_copyright:/home/james-elugbemi/ros2_humble/install/ament_lint:/home/james-elugbemi/ros2_humble/install/ament_index_python:/home/james-elugbemi/ros2_humble/install/ament_cpplint:/home/james-elugbemi/ros2_humble/install/ament_cppcheck:/home/james-elugbemi/ros2_humble/install/ament_clang_tidy:/home/james-elugbemi/ros2_humble/install/ament_clang_format:/opt/ros/humble CONDA_PROMPT_MODIFIER=(base) /usr/bin/cmake /home/james-elugbemi/dev_ws/botfish/botfish_manipulation -DCMAKE_INSTALL_PREFIX=/home/james-elugbemi/dev_ws/botfish/install/botfish_manipulation
