[6.857s] Invoking command in '/home/james-elugbemi/dev_ws/botfish/botfish_debug': CONDA_PROMPT_MODIFIER=(base) PYTHONPATH=/home/james-elugbemi/dev_ws/botfish/build/botfish_debug/prefix_override:/home/james-elugbemi/dev_ws/botfish/install/botfish_debug/lib/python3.10/site-packages:${PYTHONPATH} /usr/bin/python3 setup.py egg_info --egg-base ../build/botfish_debug build --build-base /home/james-elugbemi/dev_ws/botfish/build/botfish_debug/build install --record /home/james-elugbemi/dev_ws/botfish/build/botfish_debug/install.log --single-version-externally-managed
[7.293s] running egg_info
[7.294s] creating ../build/botfish_debug/botfish_debug.egg-info
[7.294s] writing ../build/botfish_debug/botfish_debug.egg-info/PKG-INFO
[7.294s] writing dependency_links to ../build/botfish_debug/botfish_debug.egg-info/dependency_links.txt
[7.294s] writing entry points to ../build/botfish_debug/botfish_debug.egg-info/entry_points.txt
[7.294s] writing requirements to ../build/botfish_debug/botfish_debug.egg-info/requires.txt
[7.294s] writing top-level names to ../build/botfish_debug/botfish_debug.egg-info/top_level.txt
[7.294s] writing manifest file '../build/botfish_debug/botfish_debug.egg-info/SOURCES.txt'
[7.322s] reading manifest file '../build/botfish_debug/botfish_debug.egg-info/SOURCES.txt'
[7.323s] writing manifest file '../build/botfish_debug/botfish_debug.egg-info/SOURCES.txt'
[7.323s] running build
[7.323s] running build_py
[7.324s] creating /home/james-elugbemi/dev_ws/botfish/build/botfish_debug/build
[7.324s] creating /home/james-elugbemi/dev_ws/botfish/build/botfish_debug/build/lib
[7.324s] creating /home/james-elugbemi/dev_ws/botfish/build/botfish_debug/build/lib/botfish_debug
[7.324s] copying botfish_debug/debug_terminal.py -> /home/james-elugbemi/dev_ws/botfish/build/botfish_debug/build/lib/botfish_debug
[7.336s] copying botfish_debug/debug_display.py -> /home/james-elugbemi/dev_ws/botfish/build/botfish_debug/build/lib/botfish_debug
[7.356s] copying botfish_debug/__init__.py -> /home/james-elugbemi/dev_ws/botfish/build/botfish_debug/build/lib/botfish_debug
[7.357s] running install
[7.382s] /usr/lib/python3/dist-packages/setuptools/command/install.py:34: SetuptoolsDeprecationWarning: setup.py install is deprecated. Use build and pip and other standards-based tools.
[7.382s]   warnings.warn(
[7.383s] running install_lib
[7.384s] creating /home/james-elugbemi/dev_ws/botfish/install/botfish_debug/lib/python3.10/site-packages/botfish_debug
[7.384s] copying /home/james-elugbemi/dev_ws/botfish/build/botfish_debug/build/lib/botfish_debug/debug_terminal.py -> /home/james-elugbemi/dev_ws/botfish/install/botfish_debug/lib/python3.10/site-packages/botfish_debug
[7.385s] copying /home/james-elugbemi/dev_ws/botfish/build/botfish_debug/build/lib/botfish_debug/debug_display.py -> /home/james-elugbemi/dev_ws/botfish/install/botfish_debug/lib/python3.10/site-packages/botfish_debug
[7.385s] copying /home/james-elugbemi/dev_ws/botfish/build/botfish_debug/build/lib/botfish_debug/__init__.py -> /home/james-elugbemi/dev_ws/botfish/install/botfish_debug/lib/python3.10/site-packages/botfish_debug
[7.386s] byte-compiling /home/james-elugbemi/dev_ws/botfish/install/botfish_debug/lib/python3.10/site-packages/botfish_debug/debug_terminal.py to debug_terminal.cpython-310.pyc
[7.387s] byte-compiling /home/james-elugbemi/dev_ws/botfish/install/botfish_debug/lib/python3.10/site-packages/botfish_debug/debug_display.py to debug_display.cpython-310.pyc
[7.388s] byte-compiling /home/james-elugbemi/dev_ws/botfish/install/botfish_debug/lib/python3.10/site-packages/botfish_debug/__init__.py to __init__.cpython-310.pyc
[7.388s] running install_data
[7.389s] creating /home/james-elugbemi/dev_ws/botfish/install/botfish_debug/share/ament_index
[7.389s] creating /home/james-elugbemi/dev_ws/botfish/install/botfish_debug/share/ament_index/resource_index
[7.389s] creating /home/james-elugbemi/dev_ws/botfish/install/botfish_debug/share/ament_index/resource_index/packages
[7.389s] copying resource/botfish_debug -> /home/james-elugbemi/dev_ws/botfish/install/botfish_debug/share/ament_index/resource_index/packages
[7.389s] copying package.xml -> /home/james-elugbemi/dev_ws/botfish/install/botfish_debug/share/botfish_debug
[7.389s] running install_egg_info
[7.392s] Copying ../build/botfish_debug/botfish_debug.egg-info to /home/james-elugbemi/dev_ws/botfish/install/botfish_debug/lib/python3.10/site-packages/botfish_debug-0.0.0-py3.10.egg-info
[7.393s] running install_scripts
[7.428s] Installing display script to /home/james-elugbemi/dev_ws/botfish/install/botfish_debug/lib/botfish_debug
[7.429s] Installing terminal script to /home/james-elugbemi/dev_ws/botfish/install/botfish_debug/lib/botfish_debug
[7.429s] writing list of installed files to '/home/james-elugbemi/dev_ws/botfish/build/botfish_debug/install.log'
[7.472s] Invoked command in '/home/james-elugbemi/dev_ws/botfish/botfish_debug' returned '0': CONDA_PROMPT_MODIFIER=(base) PYTHONPATH=/home/james-elugbemi/dev_ws/botfish/build/botfish_debug/prefix_override:/home/james-elugbemi/dev_ws/botfish/install/botfish_debug/lib/python3.10/site-packages:${PYTHONPATH} /usr/bin/python3 setup.py egg_info --egg-base ../build/botfish_debug build --build-base /home/james-elugbemi/dev_ws/botfish/build/botfish_debug/build install --record /home/james-elugbemi/dev_ws/botfish/build/botfish_debug/install.log --single-version-externally-managed
