running egg_info
creating ../build/botfish_perception/botfish_perception.egg-info
writing ../build/botfish_perception/botfish_perception.egg-info/PKG-INFO
writing dependency_links to ../build/botfish_perception/botfish_perception.egg-info/dependency_links.txt
writing entry points to ../build/botfish_perception/botfish_perception.egg-info/entry_points.txt
writing requirements to ../build/botfish_perception/botfish_perception.egg-info/requires.txt
writing top-level names to ../build/botfish_perception/botfish_perception.egg-info/top_level.txt
writing manifest file '../build/botfish_perception/botfish_perception.egg-info/SOURCES.txt'
reading manifest file '../build/botfish_perception/botfish_perception.egg-info/SOURCES.txt'
writing manifest file '../build/botfish_perception/botfish_perception.egg-info/SOURCES.txt'
running build
running build_py
creating /home/james-elugbemi/dev_ws/botfish/build/botfish_perception/build
creating /home/james-elugbemi/dev_ws/botfish/build/botfish_perception/build/lib
creating /home/james-elugbemi/dev_ws/botfish/build/botfish_perception/build/lib/botfish_perception
copying botfish_perception/__init__.py -> /home/james-elugbemi/dev_ws/botfish/build/botfish_perception/build/lib/botfish_perception
copying botfish_perception/standin.py -> /home/james-elugbemi/dev_ws/botfish/build/botfish_perception/build/lib/botfish_perception
running install
/usr/lib/python3/dist-packages/setuptools/command/install.py:34: SetuptoolsDeprecationWarning: setup.py install is deprecated. Use build and pip and other standards-based tools.
  warnings.warn(
running install_lib
creating /home/james-elugbemi/dev_ws/botfish/install/botfish_perception/lib/python3.10/site-packages/botfish_perception
copying /home/james-elugbemi/dev_ws/botfish/build/botfish_perception/build/lib/botfish_perception/__init__.py -> /home/james-elugbemi/dev_ws/botfish/install/botfish_perception/lib/python3.10/site-packages/botfish_perception
copying /home/james-elugbemi/dev_ws/botfish/build/botfish_perception/build/lib/botfish_perception/standin.py -> /home/james-elugbemi/dev_ws/botfish/install/botfish_perception/lib/python3.10/site-packages/botfish_perception
byte-compiling /home/james-elugbemi/dev_ws/botfish/install/botfish_perception/lib/python3.10/site-packages/botfish_perception/__init__.py to __init__.cpython-310.pyc
byte-compiling /home/james-elugbemi/dev_ws/botfish/install/botfish_perception/lib/python3.10/site-packages/botfish_perception/standin.py to standin.cpython-310.pyc
running install_data
creating /home/james-elugbemi/dev_ws/botfish/install/botfish_perception/share/ament_index
creating /home/james-elugbemi/dev_ws/botfish/install/botfish_perception/share/ament_index/resource_index
creating /home/james-elugbemi/dev_ws/botfish/install/botfish_perception/share/ament_index/resource_index/packages
copying resource/botfish_perception -> /home/james-elugbemi/dev_ws/botfish/install/botfish_perception/share/ament_index/resource_index/packages
copying package.xml -> /home/james-elugbemi/dev_ws/botfish/install/botfish_perception/share/botfish_perception
running install_egg_info
Copying ../build/botfish_perception/botfish_perception.egg-info to /home/james-elugbemi/dev_ws/botfish/install/botfish_perception/lib/python3.10/site-packages/botfish_perception-0.0.0-py3.10.egg-info
running install_scripts
Installing standin script to /home/james-elugbemi/dev_ws/botfish/install/botfish_perception/lib/botfish_perception
writing list of installed files to '/home/james-elugbemi/dev_ws/botfish/build/botfish_perception/install.log'
